[2021/08/07 15:02:05] executor_example.go:31 [Info] Test running: 0
[2021/08/07 15:02:06] executor_example.go:31 [Info] Test running: 1
[2021/08/07 15:02:07] executor_example.go:31 [Info] Test running: 2
[2021/08/07 15:02:08] executor_example.go:31 [Info] Test running: 3
[2021/08/07 15:02:09] executor_example.go:31 [Info] Test running: 4
[2021/08/07 15:02:10] executor_example.go:31 [Info] Test running: 5
[2021/08/07 15:02:11] executor_example.go:31 [Info] Test running: 6
[2021/08/07 15:02:12] executor_example.go:31 [Info] Test running: 7
[2021/08/07 15:02:13] executor_example.go:31 [Info] Test running: 8
[2021/08/07 15:02:14] executor_example.go:31 [Info] Test running: 9
[2021/08/07 15:02:15] executor_example.go:31 [Info] Test running: 10
[2021/08/07 15:02:16] executor_example.go:31 [Info] Test running: 11
[2021/08/07 15:02:17] executor_example.go:31 [Info] Test running: 12
[2021/08/07 15:02:18] executor_example.go:31 [Info] Test running: 13
[2021/08/07 15:02:19] executor_example.go:31 [Info] Test running: 14
[2021/08/07 15:02:20] executor_example.go:31 [Info] Test running: 15
[2021/08/07 15:02:21] executor_example.go:31 [Info] Test running: 16
[2021/08/07 15:02:22] executor_example.go:31 [Info] Test running: 17
[2021/08/07 15:02:23] executor_example.go:31 [Info] Test running: 18
[2021/08/07 15:02:25] executor_example.go:31 [Info] Test running: 19
[2021/08/07 15:02:26] executor_example.go:31 [Info] Test running: 20
[2021/08/07 15:02:27] executor_example.go:31 [Info] Test running: 21
[2021/08/07 15:02:28] executor_example.go:31 [Info] Test running: 22
[2021/08/07 15:02:29] executor_example.go:31 [Info] Test running: 23
[2021/08/07 15:02:30] executor_example.go:31 [Info] Test running: 24
[2021/08/07 15:02:31] executor_example.go:31 [Info] Test running: 25
[2021/08/07 15:02:32] executor_example.go:31 [Info] Test running: 26
[2021/08/07 15:02:33] executor_example.go:31 [Info] Test running: 27
[2021/08/07 15:02:34] executor_example.go:31 [Info] Test running: 28
[2021/08/07 15:02:35] executor_example.go:31 [Info] Test running: 29
[2021/08/07 15:02:36] executor_example.go:34 [Info] Info...
[2021/08/07 15:02:36] executor_example.go:35 [Warn] Warn...
[2021/08/07 15:02:36] executor_example.go:37 [Error] Error...
[2021/08/07 15:02:36] executor_example.go:39 [Fatal] Fatal...
[2021/08/07 15:02:36] executor_worker.go:96 [Info] Task[101]: complete normally
